Build started 11.12.2017 14:42:15.
     1>Project "C:\Users\STUDENT\Desktop\graifka\L2 Ka\Kolo\Kolo.vcxproj" on node 4 (build target(s)).
     1>InitializeBuildStatus:
         Creating "Debug\Kolo.unsuccessfulbuild" because "AlwaysCreate" was specified.
       ClCompile:
         c:\Program Files (x86)\Microsoft Visual Studio 10.0\VC\bin\CL.exe /c /ZI /nologo /W3 /WX- /Od /Oy- /D WIN32 /D _DEBUG /D _CONSOLE /D _UNICODE /D UNICODE /Gm /EHsc /RTC1 /MDd /GS /fp:precise /Zc:wchar_t /Zc:forScope /Fo"Debug\\" /Fd"Debug\vc100.pdb" /Gd /TP /analyze- /errorReport:prompt kolo.cpp
         kolo.cpp
     1>c:\users\student\desktop\graifka\l2 ka\kolo\kolo.cpp(89): warning C4305: 'initializing' : truncation from 'double' to 'GLfloat'
     1>c:\users\student\desktop\graifka\l2 ka\kolo\kolo.cpp(75): warning C4715: 'Kolo::inicjalizacjaGlew' : not all control paths return a value
       ManifestResourceCompile:
         All outputs are up-to-date.
       Link:
         c:\Program Files (x86)\Microsoft Visual Studio 10.0\VC\bin\link.exe /ERRORREPORT:PROMPT /OUT:"C:\Users\STUDENT\Desktop\graifka\L2 Ka\Debug\Kolo.exe" /INCREMENTAL /NOLOGO glew32.lib kernel32.lib user32.lib gdi32.lib winspool.lib comdlg32.lib advapi32.lib shell32.lib ole32.lib oleaut32.lib uuid.lib odbc32.lib odbccp32.lib /MANIFEST /ManifestFile:"Debug\Kolo.exe.intermediate.manifest" /MANIFESTUAC:"level='asInvoker' uiAccess='false'" /DEBUG /PDB:"C:\Users\STUDENT\Desktop\graifka\L2 Ka\Debug\Kolo.pdb" /SUBSYSTEM:CONSOLE /TLBID:1 /DYNAMICBASE /NXCOMPAT /IMPLIB:"C:\Users\STUDENT\Desktop\graifka\L2 Ka\Debug\Kolo.lib" /MACHINE:X86 Debug\Kolo.exe.embed.manifest.res
         Debug\kolo.obj
       Manifest:
         C:\Program Files (x86)\Microsoft SDKs\Windows\v7.0A\bin\mt.exe /nologo /verbose /out:"Debug\Kolo.exe.embed.manifest" /manifest Debug\Kolo.exe.intermediate.manifest
         All outputs are up-to-date.
       LinkEmbedManifest:
         All outputs are up-to-date.
         Kolo.vcxproj -> C:\Users\STUDENT\Desktop\graifka\L2 Ka\Debug\Kolo.exe
       FinalizeBuildStatus:
         Deleting file "Debug\Kolo.unsuccessfulbuild".
         Touching "Debug\Kolo.lastbuildstate".
     1>Done Building Project "C:\Users\STUDENT\Desktop\graifka\L2 Ka\Kolo\Kolo.vcxproj" (build target(s)).

Build succeeded.

Time Elapsed 00:00:01.32
