C:\USERS\STUDENT\DESKTOP\GRAIFKA\L2 KA\DEBUG\KOLO.EXE
C:\USERS\STUDENT\DESKTOP\GRAIFKA\L2 KA\DEBUG\KOLO.ILK
C:\USERS\STUDENT\DESKTOP\GRAIFKA\L2 KA\DEBUG\KOLO.PDB
C:\Users\STUDENT\Desktop\graifka\L2 Ka\Kolo\Debug\cl.command.1.tlog
C:\Users\STUDENT\Desktop\graifka\L2 Ka\Kolo\Debug\CL.read.1.tlog
C:\Users\STUDENT\Desktop\graifka\L2 Ka\Kolo\Debug\CL.write.1.tlog
C:\USERS\STUDENT\DESKTOP\GRAIFKA\L2 KA\KOLO\DEBUG\KOLO.EXE.EMBED.MANIFEST
C:\USERS\STUDENT\DESKTOP\GRAIFKA\L2 KA\KOLO\DEBUG\KOLO.EXE.EMBED.MANIFEST.RES
C:\USERS\STUDENT\DESKTOP\GRAIFKA\L2 KA\KOLO\DEBUG\KOLO.EXE.INTERMEDIATE.MANIFEST
C:\USERS\STUDENT\DESKTOP\GRAIFKA\L2 KA\KOLO\DEBUG\KOLO.OBJ
C:\Users\STUDENT\Desktop\graifka\L2 Ka\Kolo\Debug\Kolo.vcxprojResolveAssemblyReference.cache
C:\Users\STUDENT\Desktop\graifka\L2 Ka\Kolo\Debug\Kolo.write.1.tlog
C:\Users\STUDENT\Desktop\graifka\L2 Ka\Kolo\Debug\Kolo_manifest.rc
C:\Users\STUDENT\Desktop\graifka\L2 Ka\Kolo\Debug\link.15060.read.1.tlog
C:\Users\STUDENT\Desktop\graifka\L2 Ka\Kolo\Debug\link.15060.write.1.tlog
C:\Users\STUDENT\Desktop\graifka\L2 Ka\Kolo\Debug\link.15060-cvtres.read.1.tlog
C:\Users\STUDENT\Desktop\graifka\L2 Ka\Kolo\Debug\link.15060-cvtres.write.1.tlog
C:\Users\STUDENT\Desktop\graifka\L2 Ka\Kolo\Debug\link.command.1.tlog
C:\Users\STUDENT\Desktop\graifka\L2 Ka\Kolo\Debug\link.read.1.tlog
C:\Users\STUDENT\Desktop\graifka\L2 Ka\Kolo\Debug\link.write.1.tlog
C:\Users\STUDENT\Desktop\graifka\L2 Ka\Kolo\Debug\link-cvtres.read.1.tlog
C:\Users\STUDENT\Desktop\graifka\L2 Ka\Kolo\Debug\link-cvtres.write.1.tlog
C:\Users\STUDENT\Desktop\graifka\L2 Ka\Kolo\Debug\mt.command.1.tlog
C:\Users\STUDENT\Desktop\graifka\L2 Ka\Kolo\Debug\mt.read.1.tlog
C:\Users\STUDENT\Desktop\graifka\L2 Ka\Kolo\Debug\mt.write.1.tlog
C:\Users\STUDENT\Desktop\graifka\L2 Ka\Kolo\Debug\rc.command.1.tlog
C:\Users\STUDENT\Desktop\graifka\L2 Ka\Kolo\Debug\rc.read.1.tlog
C:\Users\STUDENT\Desktop\graifka\L2 Ka\Kolo\Debug\rc.write.1.tlog
C:\Users\STUDENT\Desktop\graifka\L2 Ka\Kolo\Debug\vc100.idb
C:\USERS\STUDENT\DESKTOP\GRAIFKA\L2 KA\KOLO\DEBUG\VC100.PDB
