C:\USERS\SMILE\DESKTOP\L2\DEBUG\PUNKT.EXE
C:\USERS\SMILE\DESKTOP\L2\DEBUG\PUNKT.ILK
C:\USERS\SMILE\DESKTOP\L2\DEBUG\PUNKT.PDB
C:\Users\Smile\Desktop\L2\Punkt\Debug\cl.command.1.tlog
C:\Users\Smile\Desktop\L2\Punkt\Debug\CL.read.1.tlog
C:\Users\Smile\Desktop\L2\Punkt\Debug\CL.write.1.tlog
C:\Users\Smile\Desktop\L2\Punkt\Debug\link.2116.read.1.tlog
C:\Users\Smile\Desktop\L2\Punkt\Debug\link.2116.write.1.tlog
C:\Users\Smile\Desktop\L2\Punkt\Debug\link.2116-cvtres.read.1.tlog
C:\Users\Smile\Desktop\L2\Punkt\Debug\link.2116-cvtres.write.1.tlog
C:\Users\Smile\Desktop\L2\Punkt\Debug\link.command.1.tlog
C:\Users\Smile\Desktop\L2\Punkt\Debug\link.read.1.tlog
C:\Users\Smile\Desktop\L2\Punkt\Debug\link.write.1.tlog
C:\Users\Smile\Desktop\L2\Punkt\Debug\link-cvtres.read.1.tlog
C:\Users\Smile\Desktop\L2\Punkt\Debug\link-cvtres.write.1.tlog
C:\Users\Smile\Desktop\L2\Punkt\Debug\mt.command.1.tlog
C:\Users\Smile\Desktop\L2\Punkt\Debug\mt.read.1.tlog
C:\Users\Smile\Desktop\L2\Punkt\Debug\mt.write.1.tlog
C:\USERS\SMILE\DESKTOP\L2\PUNKT\DEBUG\PUNKT.EXE.EMBED.MANIFEST
C:\USERS\SMILE\DESKTOP\L2\PUNKT\DEBUG\PUNKT.EXE.EMBED.MANIFEST.RES
C:\USERS\SMILE\DESKTOP\L2\PUNKT\DEBUG\PUNKT.EXE.INTERMEDIATE.MANIFEST
C:\USERS\SMILE\DESKTOP\L2\PUNKT\DEBUG\PUNKT.OBJ
C:\Users\Smile\Desktop\L2\Punkt\Debug\Punkt.vcxprojResolveAssemblyReference.cache
C:\Users\Smile\Desktop\L2\Punkt\Debug\Punkt.write.1.tlog
C:\Users\Smile\Desktop\L2\Punkt\Debug\Punkt_manifest.rc
C:\Users\Smile\Desktop\L2\Punkt\Debug\rc.command.1.tlog
C:\Users\Smile\Desktop\L2\Punkt\Debug\rc.read.1.tlog
C:\Users\Smile\Desktop\L2\Punkt\Debug\rc.write.1.tlog
C:\Users\Smile\Desktop\L2\Punkt\Debug\vc100.idb
C:\USERS\SMILE\DESKTOP\L2\PUNKT\DEBUG\VC100.PDB
C:\Users\Smile\Desktop\L2\Punkt\Debug\vc141.idb
C:\Users\Smile\Desktop\L2\Punkt\Debug\vc141.pdb
